2016-09-12 07:39:50 [scrapy] INFO: Scrapy 1.1.2 started (bot: pbot)
2016-09-12 07:39:50 [scrapy] INFO: Overridden settings: {'NEWSPIDER_MODULE': 'pbot.spiders', 'ROBOTSTXT_OBEY': True, 'SPIDER_MODULES': ['pbot.spiders'], 'BOT_NAME': 'pbot', 'FEED_URI': 'file:///home/dmitry/work/django/git/pbot/items/default/baucenter/13f4707478bc11e6bc528c89a5289690.jl', 'LOG_FILE': 'logs/default/baucenter/13f4707478bc11e6bc528c89a5289690.log', 'DOWNLOAD_DELAY': 1}
2016-09-12 07:39:50 [scrapy] INFO: Enabled extensions:
['scrapy.extensions.feedexport.FeedExporter',
 'scrapy.extensions.logstats.LogStats',
 'scrapy.extensions.telnet.TelnetConsole',
 'scrapy.extensions.corestats.CoreStats']
2016-09-12 07:39:50 [scrapy] INFO: Enabled downloader middlewares:
['scrapy.downloadermiddlewares.robotstxt.RobotsTxtMiddleware',
 'scrapy.downloadermiddlewares.httpauth.HttpAuthMiddleware',
 'scrapy.downloadermiddlewares.downloadtimeout.DownloadTimeoutMiddleware',
 'scrapy.downloadermiddlewares.useragent.UserAgentMiddleware',
 'scrapy.downloadermiddlewares.retry.RetryMiddleware',
 'scrapy.downloadermiddlewares.defaultheaders.DefaultHeadersMiddleware',
 'scrapy.downloadermiddlewares.redirect.MetaRefreshMiddleware',
 'scrapy.downloadermiddlewares.httpcompression.HttpCompressionMiddleware',
 'scrapy.downloadermiddlewares.redirect.RedirectMiddleware',
 'scrapy.downloadermiddlewares.cookies.CookiesMiddleware',
 'scrapy.downloadermiddlewares.chunked.ChunkedTransferMiddleware',
 'scrapy.downloadermiddlewares.stats.DownloaderStats']
2016-09-12 07:39:50 [scrapy] INFO: Enabled spider middlewares:
['scrapy.spidermiddlewares.httperror.HttpErrorMiddleware',
 'scrapy.spidermiddlewares.offsite.OffsiteMiddleware',
 'scrapy.spidermiddlewares.referer.RefererMiddleware',
 'scrapy.spidermiddlewares.urllength.UrlLengthMiddleware',
 'scrapy.spidermiddlewares.depth.DepthMiddleware']
2016-09-12 07:39:50 [scrapy] INFO: Enabled item pipelines:
['pbot.pipelines.djangoPipeline']
2016-09-12 07:39:50 [scrapy] INFO: Spider opened
2016-09-12 07:39:50 [scrapy] INFO: Crawled 0 pages (at 0 pages/min), scraped 0 items (at 0 items/min)
2016-09-12 07:39:50 [scrapy] DEBUG: Telnet console listening on 127.0.0.1:6023
2016-09-12 07:39:50 [scrapy] DEBUG: Retrying <GET https://www.baucenter.ru/robots.txt> (failed 1 times): Connection was refused by other side: 111: Connection refused.
2016-09-12 07:39:51 [scrapy] DEBUG: Retrying <GET https://www.baucenter.ru/robots.txt> (failed 2 times): Connection was refused by other side: 111: Connection refused.
2016-09-12 07:39:52 [scrapy] DEBUG: Gave up retrying <GET https://www.baucenter.ru/robots.txt> (failed 3 times): Connection was refused by other side: 111: Connection refused.
2016-09-12 07:39:52 [scrapy] ERROR: Error downloading <GET https://www.baucenter.ru/robots.txt>: Connection was refused by other side: 111: Connection refused.
ConnectionRefusedError: Connection was refused by other side: 111: Connection refused.
2016-09-12 07:39:53 [scrapy] DEBUG: Retrying <GET https://www.baucenter.ru/> (failed 1 times): Connection was refused by other side: 111: Connection refused.
2016-09-12 07:39:55 [scrapy] DEBUG: Retrying <GET https://www.baucenter.ru/> (failed 2 times): Connection was refused by other side: 111: Connection refused.
2016-09-12 07:39:56 [scrapy] DEBUG: Gave up retrying <GET https://www.baucenter.ru/> (failed 3 times): Connection was refused by other side: 111: Connection refused.
2016-09-12 07:39:56 [scrapy] ERROR: Error downloading <GET https://www.baucenter.ru/>: Connection was refused by other side: 111: Connection refused.
2016-09-12 07:39:56 [scrapy] INFO: Closing spider (finished)
2016-09-12 07:39:56 [scrapy] INFO: Dumping Scrapy stats:
{'downloader/exception_count': 6,
 'downloader/exception_type_count/twisted.internet.error.ConnectionRefusedError': 6,
 'downloader/request_bytes': 1314,
 'downloader/request_count': 6,
 'downloader/request_method_count/GET': 6,
 'finish_reason': 'finished',
 'finish_time': datetime.datetime(2016, 9, 12, 7, 39, 56, 870099),
 'log_count/DEBUG': 7,
 'log_count/ERROR': 2,
 'log_count/INFO': 7,
 'scheduler/dequeued': 3,
 'scheduler/dequeued/memory': 3,
 'scheduler/enqueued': 3,
 'scheduler/enqueued/memory': 3,
 'start_time': datetime.datetime(2016, 9, 12, 7, 39, 50, 344208)}
2016-09-12 07:39:56 [scrapy] INFO: Spider closed (finished)
