2016-09-13 09:43:47 [scrapy] INFO: Scrapy 1.1.2 started (bot: pbot)
2016-09-13 09:43:47 [scrapy] INFO: Overridden settings: {'NEWSPIDER_MODULE': 'pbot.spiders', 'ROBOTSTXT_OBEY': True, 'SPIDER_MODULES': ['pbot.spiders'], 'BOT_NAME': 'pbot', 'FEED_URI': 'file:///home/dmitry/work/django/git/pbot/items/default/baucenter/8f15dab0799611e6bc528c89a5289690.jl', 'LOG_FILE': 'logs/default/baucenter/8f15dab0799611e6bc528c89a5289690.log', 'DOWNLOAD_DELAY': 0.5}
2016-09-13 09:43:47 [scrapy] INFO: Enabled extensions:
['scrapy.extensions.feedexport.FeedExporter',
 'scrapy.extensions.logstats.LogStats',
 'scrapy.extensions.telnet.TelnetConsole',
 'scrapy.extensions.corestats.CoreStats']
2016-09-13 09:43:47 [scrapy] INFO: Enabled downloader middlewares:
['scrapy.downloadermiddlewares.robotstxt.RobotsTxtMiddleware',
 'scrapy.downloadermiddlewares.httpauth.HttpAuthMiddleware',
 'scrapy.downloadermiddlewares.downloadtimeout.DownloadTimeoutMiddleware',
 'scrapy.downloadermiddlewares.useragent.UserAgentMiddleware',
 'scrapy.downloadermiddlewares.retry.RetryMiddleware',
 'scrapy.downloadermiddlewares.defaultheaders.DefaultHeadersMiddleware',
 'scrapy.downloadermiddlewares.redirect.MetaRefreshMiddleware',
 'scrapy.downloadermiddlewares.httpcompression.HttpCompressionMiddleware',
 'scrapy.downloadermiddlewares.redirect.RedirectMiddleware',
 'scrapy.downloadermiddlewares.cookies.CookiesMiddleware',
 'scrapy.downloadermiddlewares.chunked.ChunkedTransferMiddleware',
 'scrapy.downloadermiddlewares.stats.DownloaderStats']
2016-09-13 09:43:47 [scrapy] INFO: Enabled spider middlewares:
['scrapy.spidermiddlewares.httperror.HttpErrorMiddleware',
 'scrapy.spidermiddlewares.offsite.OffsiteMiddleware',
 'scrapy.spidermiddlewares.referer.RefererMiddleware',
 'scrapy.spidermiddlewares.urllength.UrlLengthMiddleware',
 'scrapy.spidermiddlewares.depth.DepthMiddleware']
2016-09-13 09:43:47 [scrapy] INFO: Enabled item pipelines:
['pbot.pipelines.djangoPipeline']
2016-09-13 09:43:47 [scrapy] INFO: Spider opened
2016-09-13 09:43:47 [scrapy] INFO: Crawled 0 pages (at 0 pages/min), scraped 0 items (at 0 items/min)
2016-09-13 09:43:47 [scrapy] DEBUG: Telnet console listening on 127.0.0.1:6023
2016-09-13 09:43:47 [scrapy] DEBUG: Crawled (200) <GET https://www.baucenter.ru/robots.txt> (referer: None)
2016-09-13 09:43:50 [scrapy] DEBUG: Crawled (200) <GET https://www.baucenter.ru/> (referer: None)
2016-09-13 09:43:51 [scrapy] DEBUG: Crawled (200) <GET https://www.baucenter.ru/catalog/> (referer: https://www.baucenter.ru/)
2016-09-13 09:43:51 [scrapy] DEBUG: Filtered duplicate request: <GET https://www.baucenter.ru/catalog/> - no more duplicates will be shown (see DUPEFILTER_DEBUG to show all duplicates)
2016-09-13 09:43:52 [scrapy] DEBUG: Crawled (200) <GET https://www.baucenter.ru/sad_i_ogorod/> (referer: https://www.baucenter.ru/catalog/)
2016-09-13 09:43:54 [scrapy] DEBUG: Crawled (200) <GET https://www.baucenter.ru/osveshchenie/> (referer: https://www.baucenter.ru/catalog/)
2016-09-13 09:43:54 [scrapy] DEBUG: Crawled (200) <GET https://www.baucenter.ru/kukhni_tovary_dlya_doma_/> (referer: https://www.baucenter.ru/catalog/)
2016-09-13 09:43:55 [scrapy] DEBUG: Crawled (200) <GET https://www.baucenter.ru/stolyarnye_izdeliya_dveri/> (referer: https://www.baucenter.ru/catalog/)
2016-09-13 09:43:56 [scrapy] DEBUG: Crawled (200) <GET https://www.baucenter.ru/oboi_dekor_kraski/> (referer: https://www.baucenter.ru/catalog/)
2016-09-13 09:43:56 [scrapy] DEBUG: Crawled (200) <GET https://www.baucenter.ru/napolnye_pokrytiya/> (referer: https://www.baucenter.ru/catalog/)
2016-09-13 09:43:56 [scrapy] DEBUG: Crawled (200) <GET https://www.baucenter.ru/santekhnika/> (referer: https://www.baucenter.ru/catalog/)
2016-09-13 09:43:57 [scrapy] DEBUG: Crawled (200) <GET https://www.baucenter.ru/plitka/> (referer: https://www.baucenter.ru/catalog/)
2016-09-13 09:43:57 [scrapy] DEBUG: Crawled (200) <GET https://www.baucenter.ru/instrumenty_tekhnika/> (referer: https://www.baucenter.ru/catalog/)
2016-09-13 09:43:58 [scrapy] DEBUG: Crawled (200) <GET https://www.baucenter.ru/elektrotovary/> (referer: https://www.baucenter.ru/catalog/)
2016-09-13 09:43:59 [scrapy] DEBUG: Crawled (200) <GET https://www.baucenter.ru/vodosnabzhenie_otoplenie/> (referer: https://www.baucenter.ru/catalog/)
2016-09-13 09:43:59 [scrapy] DEBUG: Crawled (200) <GET https://www.baucenter.ru/stroymaterialy/> (referer: https://www.baucenter.ru/catalog/)
2016-09-13 09:44:00 [scrapy] DEBUG: Crawled (200) <GET https://www.baucenter.ru/udobreniya4125/> (referer: https://www.baucenter.ru/sad_i_ogorod/)
2016-09-13 09:44:01 [scrapy] DEBUG: Crawled (200) <GET https://www.baucenter.ru/antimoskitnye_setki_repelenty/> (referer: https://www.baucenter.ru/sad_i_ogorod/)
2016-09-13 09:44:01 [scrapy] DEBUG: Crawled (200) <GET https://www.baucenter.ru/vazy_svechi_aksessuary_dlya_tsvetov/> (referer: https://www.baucenter.ru/sad_i_ogorod/)
2016-09-13 09:44:02 [scrapy] DEBUG: Crawled (200) <GET https://www.baucenter.ru/zemlya_i_mulchiruyushchie_sredstva/> (referer: https://www.baucenter.ru/sad_i_ogorod/)
2016-09-13 09:44:02 [scrapy] DEBUG: Crawled (200) <GET https://www.baucenter.ru/materialy_dlya_sadovykh_dorozhek1/> (referer: https://www.baucenter.ru/sad_i_ogorod/)
2016-09-13 09:44:03 [scrapy] DEBUG: Crawled (200) <GET https://www.baucenter.ru/khranenie_urozhaya/> (referer: https://www.baucenter.ru/sad_i_ogorod/)
2016-09-13 09:44:04 [scrapy] DEBUG: Crawled (200) <GET https://www.baucenter.ru/svetilniki_tochechnye/> (referer: https://www.baucenter.ru/osveshchenie/)
2016-09-13 09:44:04 [scrapy] DEBUG: Crawled (200) <GET https://www.baucenter.ru/mebelnaya_furnitura/> (referer: https://www.baucenter.ru/kukhni_tovary_dlya_doma_/)
2016-09-13 09:44:04 [scrapy] DEBUG: Crawled (200) <GET https://www.baucenter.ru/sayding/> (referer: https://www.baucenter.ru/stolyarnye_izdeliya_dveri/)
2016-09-13 09:44:05 [scrapy] DEBUG: Crawled (200) <GET https://www.baucenter.ru/sredstva_dlya_pokleyki/> (referer: https://www.baucenter.ru/oboi_dekor_kraski/)
2016-09-13 09:44:06 [scrapy] DEBUG: Crawled (200) <GET https://www.baucenter.ru/pokrytiya_potolochnye/> (referer: https://www.baucenter.ru/oboi_dekor_kraski/)
2016-09-13 09:44:06 [scrapy] DEBUG: Crawled (200) <GET https://www.baucenter.ru/dushevye_kabiny_i_poddony/> (referer: https://www.baucenter.ru/santekhnika/)
2016-09-13 09:44:07 [scrapy] DEBUG: Crawled (200) <GET https://www.baucenter.ru/mozaika1/> (referer: https://www.baucenter.ru/plitka/)
2016-09-13 09:44:07 [scrapy] DEBUG: Crawled (200) <GET https://www.baucenter.ru/oborudovanie_dlya_masterskikh/> (referer: https://www.baucenter.ru/instrumenty_tekhnika/)
2016-09-13 09:44:08 [scrapy] DEBUG: Crawled (200) <GET https://www.baucenter.ru/komplektuyushchie_dlya_elektricheskoy_razvodki/> (referer: https://www.baucenter.ru/elektrotovary/)
2016-09-13 09:44:09 [scrapy] DEBUG: Crawled (200) <GET https://www.baucenter.ru/sistema_dymokhodov/> (referer: https://www.baucenter.ru/vodosnabzhenie_otoplenie/)
2016-09-13 09:44:10 [scrapy] DEBUG: Crawled (200) <GET https://www.baucenter.ru/metalloprokat/> (referer: https://www.baucenter.ru/stroymaterialy/)
2016-09-13 09:44:11 [scrapy] DEBUG: Crawled (200) <GET https://www.baucenter.ru/udobreniya_dlya_ulichnykh_rasteniy6571/> (referer: https://www.baucenter.ru/udobreniya4125/)
2016-09-13 09:44:12 [scrapy] INFO: Received SIGINT, shutting down gracefully. Send again to force 
2016-09-13 09:44:12 [scrapy] ERROR: Spider error processing <GET https://www.baucenter.ru/udobreniya_dlya_ulichnykh_rasteniy6571/> (referer: https://www.baucenter.ru/udobreniya4125/)
Traceback (most recent call last):
  File "/usr/local/lib/python2.7/dist-packages/scrapy/utils/defer.py", line 102, in iter_errback
    yield next(it)
  File "/usr/local/lib/python2.7/dist-packages/scrapy/spidermiddlewares/offsite.py", line 29, in process_spider_output
    for x in result:
  File "/usr/local/lib/python2.7/dist-packages/scrapy/spidermiddlewares/referer.py", line 22, in <genexpr>
    return (_set_referer(r) for r in result or ())
  File "/usr/local/lib/python2.7/dist-packages/scrapy/spidermiddlewares/urllength.py", line 37, in <genexpr>
    return (r for r in result or () if _filter(r))
  File "/usr/local/lib/python2.7/dist-packages/scrapy/spidermiddlewares/depth.py", line 58, in <genexpr>
    return (r for r in result or () if _filter(r))
  File "/usr/local/lib/python2.7/dist-packages/scrapy/spiders/crawl.py", line 72, in _parse_response
    cb_res = callback(response, **cb_kwargs) or ()
  File "pbot/spiders/baucenter.py", line 83, in parse_arts
    explore.stop()
  File "pbot/spiders/explore.py", line 69, in stop
    return navigate(stack[1:])
  File "pbot/spiders/explore.py", line 118, in navigate
    line=raw_input(point[-20:]+'>')
EOFError: EOF when reading a line
2016-09-13 09:44:12 [scrapy] DEBUG: Crawled (200) <GET https://www.baucenter.ru/setki_ot_komarov/> (referer: https://www.baucenter.ru/antimoskitnye_setki_repelenty/)
2016-09-13 09:44:12 [scrapy] DEBUG: Crawled (200) <GET https://www.baucenter.ru/svechi_lampady_dekorativnye/> (referer: https://www.baucenter.ru/vazy_svechi_aksessuary_dlya_tsvetov/)
2016-09-13 09:44:12 [scrapy] INFO: Closing spider (shutdown)
2016-09-13 09:44:13 [scrapy] ERROR: Spider error processing <GET https://www.baucenter.ru/setki_ot_komarov/> (referer: https://www.baucenter.ru/antimoskitnye_setki_repelenty/)
Traceback (most recent call last):
  File "/usr/local/lib/python2.7/dist-packages/scrapy/utils/defer.py", line 102, in iter_errback
    yield next(it)
  File "/usr/local/lib/python2.7/dist-packages/scrapy/spidermiddlewares/offsite.py", line 29, in process_spider_output
    for x in result:
  File "/usr/local/lib/python2.7/dist-packages/scrapy/spidermiddlewares/referer.py", line 22, in <genexpr>
    return (_set_referer(r) for r in result or ())
  File "/usr/local/lib/python2.7/dist-packages/scrapy/spidermiddlewares/urllength.py", line 37, in <genexpr>
    return (r for r in result or () if _filter(r))
  File "/usr/local/lib/python2.7/dist-packages/scrapy/spidermiddlewares/depth.py", line 58, in <genexpr>
    return (r for r in result or () if _filter(r))
  File "/usr/local/lib/python2.7/dist-packages/scrapy/spiders/crawl.py", line 72, in _parse_response
    cb_res = callback(response, **cb_kwargs) or ()
  File "pbot/spiders/baucenter.py", line 83, in parse_arts
    explore.stop()
  File "pbot/spiders/explore.py", line 69, in stop
    return navigate(stack[1:])
  File "pbot/spiders/explore.py", line 118, in navigate
    line=raw_input(point[-20:]+'>')
EOFError: EOF when reading a line
2016-09-13 09:44:13 [scrapy] ERROR: Spider error processing <GET https://www.baucenter.ru/svechi_lampady_dekorativnye/> (referer: https://www.baucenter.ru/vazy_svechi_aksessuary_dlya_tsvetov/)
Traceback (most recent call last):
  File "/usr/local/lib/python2.7/dist-packages/scrapy/utils/defer.py", line 102, in iter_errback
    yield next(it)
  File "/usr/local/lib/python2.7/dist-packages/scrapy/spidermiddlewares/offsite.py", line 29, in process_spider_output
    for x in result:
  File "/usr/local/lib/python2.7/dist-packages/scrapy/spidermiddlewares/referer.py", line 22, in <genexpr>
    return (_set_referer(r) for r in result or ())
  File "/usr/local/lib/python2.7/dist-packages/scrapy/spidermiddlewares/urllength.py", line 37, in <genexpr>
    return (r for r in result or () if _filter(r))
  File "/usr/local/lib/python2.7/dist-packages/scrapy/spidermiddlewares/depth.py", line 58, in <genexpr>
    return (r for r in result or () if _filter(r))
  File "/usr/local/lib/python2.7/dist-packages/scrapy/spiders/crawl.py", line 72, in _parse_response
    cb_res = callback(response, **cb_kwargs) or ()
  File "pbot/spiders/baucenter.py", line 83, in parse_arts
    explore.stop()
  File "pbot/spiders/explore.py", line 69, in stop
    return navigate(stack[1:])
  File "pbot/spiders/explore.py", line 118, in navigate
    line=raw_input(point[-20:]+'>')
EOFError: EOF when reading a line
2016-09-13 09:44:13 [scrapy] DEBUG: Crawled (200) <GET https://www.baucenter.ru/zemlya/> (referer: https://www.baucenter.ru/zemlya_i_mulchiruyushchie_sredstva/)
2016-09-13 09:44:14 [scrapy] ERROR: Spider error processing <GET https://www.baucenter.ru/zemlya/> (referer: https://www.baucenter.ru/zemlya_i_mulchiruyushchie_sredstva/)
Traceback (most recent call last):
  File "/usr/local/lib/python2.7/dist-packages/scrapy/utils/defer.py", line 102, in iter_errback
    yield next(it)
  File "/usr/local/lib/python2.7/dist-packages/scrapy/spidermiddlewares/offsite.py", line 29, in process_spider_output
    for x in result:
  File "/usr/local/lib/python2.7/dist-packages/scrapy/spidermiddlewares/referer.py", line 22, in <genexpr>
    return (_set_referer(r) for r in result or ())
  File "/usr/local/lib/python2.7/dist-packages/scrapy/spidermiddlewares/urllength.py", line 37, in <genexpr>
    return (r for r in result or () if _filter(r))
  File "/usr/local/lib/python2.7/dist-packages/scrapy/spidermiddlewares/depth.py", line 58, in <genexpr>
    return (r for r in result or () if _filter(r))
  File "/usr/local/lib/python2.7/dist-packages/scrapy/spiders/crawl.py", line 72, in _parse_response
    cb_res = callback(response, **cb_kwargs) or ()
  File "pbot/spiders/baucenter.py", line 79, in parse_arts
    print(act_image)
IOError: [Errno 32] Broken pipe
2016-09-13 09:44:14 [scrapy] DEBUG: Crawled (200) <GET https://www.baucenter.ru/materialy_dlya_sadovykh_dorozhek/> (referer: https://www.baucenter.ru/materialy_dlya_sadovykh_dorozhek1/)
2016-09-13 09:44:14 [scrapy] ERROR: Spider error processing <GET https://www.baucenter.ru/materialy_dlya_sadovykh_dorozhek/> (referer: https://www.baucenter.ru/materialy_dlya_sadovykh_dorozhek1/)
Traceback (most recent call last):
  File "/usr/local/lib/python2.7/dist-packages/scrapy/utils/defer.py", line 102, in iter_errback
    yield next(it)
  File "/usr/local/lib/python2.7/dist-packages/scrapy/spidermiddlewares/offsite.py", line 29, in process_spider_output
    for x in result:
  File "/usr/local/lib/python2.7/dist-packages/scrapy/spidermiddlewares/referer.py", line 22, in <genexpr>
    return (_set_referer(r) for r in result or ())
  File "/usr/local/lib/python2.7/dist-packages/scrapy/spidermiddlewares/urllength.py", line 37, in <genexpr>
    return (r for r in result or () if _filter(r))
  File "/usr/local/lib/python2.7/dist-packages/scrapy/spidermiddlewares/depth.py", line 58, in <genexpr>
    return (r for r in result or () if _filter(r))
  File "/usr/local/lib/python2.7/dist-packages/scrapy/spiders/crawl.py", line 72, in _parse_response
    cb_res = callback(response, **cb_kwargs) or ()
  File "pbot/spiders/baucenter.py", line 83, in parse_arts
    explore.stop()
  File "pbot/spiders/explore.py", line 69, in stop
    return navigate(stack[1:])
  File "pbot/spiders/explore.py", line 118, in navigate
    line=raw_input(point[-20:]+'>')
EOFError: EOF when reading a line
2016-09-13 09:44:15 [scrapy] DEBUG: Crawled (200) <GET https://www.baucenter.ru/sbor_urozhaya_i_organizatsiya_khraneniya/> (referer: https://www.baucenter.ru/khranenie_urozhaya/)
2016-09-13 09:44:15 [scrapy] ERROR: Spider error processing <GET https://www.baucenter.ru/sbor_urozhaya_i_organizatsiya_khraneniya/> (referer: https://www.baucenter.ru/khranenie_urozhaya/)
Traceback (most recent call last):
  File "/usr/local/lib/python2.7/dist-packages/scrapy/utils/defer.py", line 102, in iter_errback
    yield next(it)
  File "/usr/local/lib/python2.7/dist-packages/scrapy/spidermiddlewares/offsite.py", line 29, in process_spider_output
    for x in result:
  File "/usr/local/lib/python2.7/dist-packages/scrapy/spidermiddlewares/referer.py", line 22, in <genexpr>
    return (_set_referer(r) for r in result or ())
  File "/usr/local/lib/python2.7/dist-packages/scrapy/spidermiddlewares/urllength.py", line 37, in <genexpr>
    return (r for r in result or () if _filter(r))
  File "/usr/local/lib/python2.7/dist-packages/scrapy/spidermiddlewares/depth.py", line 58, in <genexpr>
    return (r for r in result or () if _filter(r))
  File "/usr/local/lib/python2.7/dist-packages/scrapy/spiders/crawl.py", line 72, in _parse_response
    cb_res = callback(response, **cb_kwargs) or ()
  File "pbot/spiders/baucenter.py", line 83, in parse_arts
    explore.stop()
  File "pbot/spiders/explore.py", line 69, in stop
    return navigate(stack[1:])
  File "pbot/spiders/explore.py", line 118, in navigate
    line=raw_input(point[-20:]+'>')
EOFError: EOF when reading a line
2016-09-13 09:44:16 [scrapy] DEBUG: Crawled (200) <GET https://www.baucenter.ru/svetilniki_tochechnye_mebelnye_i_lestnichnye/> (referer: https://www.baucenter.ru/svetilniki_tochechnye/)
2016-09-13 09:44:16 [scrapy] ERROR: Spider error processing <GET https://www.baucenter.ru/svetilniki_tochechnye_mebelnye_i_lestnichnye/> (referer: https://www.baucenter.ru/svetilniki_tochechnye/)
Traceback (most recent call last):
  File "/usr/local/lib/python2.7/dist-packages/scrapy/utils/defer.py", line 102, in iter_errback
    yield next(it)
  File "/usr/local/lib/python2.7/dist-packages/scrapy/spidermiddlewares/offsite.py", line 29, in process_spider_output
    for x in result:
  File "/usr/local/lib/python2.7/dist-packages/scrapy/spidermiddlewares/referer.py", line 22, in <genexpr>
    return (_set_referer(r) for r in result or ())
  File "/usr/local/lib/python2.7/dist-packages/scrapy/spidermiddlewares/urllength.py", line 37, in <genexpr>
    return (r for r in result or () if _filter(r))
  File "/usr/local/lib/python2.7/dist-packages/scrapy/spidermiddlewares/depth.py", line 58, in <genexpr>
    return (r for r in result or () if _filter(r))
  File "/usr/local/lib/python2.7/dist-packages/scrapy/spiders/crawl.py", line 72, in _parse_response
    cb_res = callback(response, **cb_kwargs) or ()
  File "pbot/spiders/baucenter.py", line 83, in parse_arts
    explore.stop()
  File "pbot/spiders/explore.py", line 69, in stop
    return navigate(stack[1:])
  File "pbot/spiders/explore.py", line 118, in navigate
    line=raw_input(point[-20:]+'>')
EOFError: EOF when reading a line
2016-09-13 09:44:16 [scrapy] DEBUG: Crawled (200) <GET https://www.baucenter.ru/tovary_dlya_detskoy_bezopasnosti5978/> (referer: https://www.baucenter.ru/mebelnaya_furnitura/)
2016-09-13 09:44:16 [scrapy] ERROR: Spider error processing <GET https://www.baucenter.ru/tovary_dlya_detskoy_bezopasnosti5978/> (referer: https://www.baucenter.ru/mebelnaya_furnitura/)
Traceback (most recent call last):
  File "/usr/local/lib/python2.7/dist-packages/scrapy/utils/defer.py", line 102, in iter_errback
    yield next(it)
  File "/usr/local/lib/python2.7/dist-packages/scrapy/spidermiddlewares/offsite.py", line 29, in process_spider_output
    for x in result:
  File "/usr/local/lib/python2.7/dist-packages/scrapy/spidermiddlewares/referer.py", line 22, in <genexpr>
    return (_set_referer(r) for r in result or ())
  File "/usr/local/lib/python2.7/dist-packages/scrapy/spidermiddlewares/urllength.py", line 37, in <genexpr>
    return (r for r in result or () if _filter(r))
  File "/usr/local/lib/python2.7/dist-packages/scrapy/spidermiddlewares/depth.py", line 58, in <genexpr>
    return (r for r in result or () if _filter(r))
  File "/usr/local/lib/python2.7/dist-packages/scrapy/spiders/crawl.py", line 72, in _parse_response
    cb_res = callback(response, **cb_kwargs) or ()
  File "pbot/spiders/baucenter.py", line 83, in parse_arts
    explore.stop()
  File "pbot/spiders/explore.py", line 69, in stop
    return navigate(stack[1:])
  File "pbot/spiders/explore.py", line 118, in navigate
    line=raw_input(point[-20:]+'>')
EOFError: EOF when reading a line
2016-09-13 09:44:17 [scrapy] DEBUG: Crawled (200) <GET https://www.baucenter.ru/sayding1/> (referer: https://www.baucenter.ru/sayding/)
2016-09-13 09:44:17 [scrapy] ERROR: Spider error processing <GET https://www.baucenter.ru/sayding1/> (referer: https://www.baucenter.ru/sayding/)
Traceback (most recent call last):
  File "/usr/local/lib/python2.7/dist-packages/scrapy/utils/defer.py", line 102, in iter_errback
    yield next(it)
  File "/usr/local/lib/python2.7/dist-packages/scrapy/spidermiddlewares/offsite.py", line 29, in process_spider_output
    for x in result:
  File "/usr/local/lib/python2.7/dist-packages/scrapy/spidermiddlewares/referer.py", line 22, in <genexpr>
    return (_set_referer(r) for r in result or ())
  File "/usr/local/lib/python2.7/dist-packages/scrapy/spidermiddlewares/urllength.py", line 37, in <genexpr>
    return (r for r in result or () if _filter(r))
  File "/usr/local/lib/python2.7/dist-packages/scrapy/spidermiddlewares/depth.py", line 58, in <genexpr>
    return (r for r in result or () if _filter(r))
  File "/usr/local/lib/python2.7/dist-packages/scrapy/spiders/crawl.py", line 72, in _parse_response
    cb_res = callback(response, **cb_kwargs) or ()
  File "pbot/spiders/baucenter.py", line 83, in parse_arts
    explore.stop()
  File "pbot/spiders/explore.py", line 69, in stop
    return navigate(stack[1:])
  File "pbot/spiders/explore.py", line 118, in navigate
    line=raw_input(point[-20:]+'>')
EOFError: EOF when reading a line
2016-09-13 09:44:18 [scrapy] DEBUG: Crawled (200) <GET https://www.baucenter.ru/sredstva_dlya_pokleyki_oboev/> (referer: https://www.baucenter.ru/sredstva_dlya_pokleyki/)
2016-09-13 09:44:18 [scrapy] ERROR: Spider error processing <GET https://www.baucenter.ru/sredstva_dlya_pokleyki_oboev/> (referer: https://www.baucenter.ru/sredstva_dlya_pokleyki/)
Traceback (most recent call last):
  File "/usr/local/lib/python2.7/dist-packages/scrapy/utils/defer.py", line 102, in iter_errback
    yield next(it)
  File "/usr/local/lib/python2.7/dist-packages/scrapy/spidermiddlewares/offsite.py", line 29, in process_spider_output
    for x in result:
  File "/usr/local/lib/python2.7/dist-packages/scrapy/spidermiddlewares/referer.py", line 22, in <genexpr>
    return (_set_referer(r) for r in result or ())
  File "/usr/local/lib/python2.7/dist-packages/scrapy/spidermiddlewares/urllength.py", line 37, in <genexpr>
    return (r for r in result or () if _filter(r))
  File "/usr/local/lib/python2.7/dist-packages/scrapy/spidermiddlewares/depth.py", line 58, in <genexpr>
    return (r for r in result or () if _filter(r))
  File "/usr/local/lib/python2.7/dist-packages/scrapy/spiders/crawl.py", line 72, in _parse_response
    cb_res = callback(response, **cb_kwargs) or ()
  File "pbot/spiders/baucenter.py", line 83, in parse_arts
    explore.stop()
  File "pbot/spiders/explore.py", line 69, in stop
    return navigate(stack[1:])
  File "pbot/spiders/explore.py", line 118, in navigate
    line=raw_input(point[-20:]+'>')
EOFError: EOF when reading a line
2016-09-13 09:44:19 [scrapy] DEBUG: Crawled (200) <GET https://www.baucenter.ru/pokrytiya_potolochnye_iz_polistirola_tsvetnye/> (referer: https://www.baucenter.ru/pokrytiya_potolochnye/)
2016-09-13 09:44:19 [scrapy] ERROR: Spider error processing <GET https://www.baucenter.ru/pokrytiya_potolochnye_iz_polistirola_tsvetnye/> (referer: https://www.baucenter.ru/pokrytiya_potolochnye/)
Traceback (most recent call last):
  File "/usr/local/lib/python2.7/dist-packages/scrapy/utils/defer.py", line 102, in iter_errback
    yield next(it)
  File "/usr/local/lib/python2.7/dist-packages/scrapy/spidermiddlewares/offsite.py", line 29, in process_spider_output
    for x in result:
  File "/usr/local/lib/python2.7/dist-packages/scrapy/spidermiddlewares/referer.py", line 22, in <genexpr>
    return (_set_referer(r) for r in result or ())
  File "/usr/local/lib/python2.7/dist-packages/scrapy/spidermiddlewares/urllength.py", line 37, in <genexpr>
    return (r for r in result or () if _filter(r))
  File "/usr/local/lib/python2.7/dist-packages/scrapy/spidermiddlewares/depth.py", line 58, in <genexpr>
    return (r for r in result or () if _filter(r))
  File "/usr/local/lib/python2.7/dist-packages/scrapy/spiders/crawl.py", line 72, in _parse_response
    cb_res = callback(response, **cb_kwargs) or ()
  File "pbot/spiders/baucenter.py", line 83, in parse_arts
    explore.stop()
  File "pbot/spiders/explore.py", line 69, in stop
    return navigate(stack[1:])
  File "pbot/spiders/explore.py", line 118, in navigate
    line=raw_input(point[-20:]+'>')
EOFError: EOF when reading a line
2016-09-13 09:44:19 [scrapy] DEBUG: Crawled (200) <GET https://www.baucenter.ru/poddony7693/> (referer: https://www.baucenter.ru/dushevye_kabiny_i_poddony/)
2016-09-13 09:44:19 [scrapy] ERROR: Spider error processing <GET https://www.baucenter.ru/poddony7693/> (referer: https://www.baucenter.ru/dushevye_kabiny_i_poddony/)
Traceback (most recent call last):
  File "/usr/local/lib/python2.7/dist-packages/scrapy/utils/defer.py", line 102, in iter_errback
    yield next(it)
  File "/usr/local/lib/python2.7/dist-packages/scrapy/spidermiddlewares/offsite.py", line 29, in process_spider_output
    for x in result:
  File "/usr/local/lib/python2.7/dist-packages/scrapy/spidermiddlewares/referer.py", line 22, in <genexpr>
    return (_set_referer(r) for r in result or ())
  File "/usr/local/lib/python2.7/dist-packages/scrapy/spidermiddlewares/urllength.py", line 37, in <genexpr>
    return (r for r in result or () if _filter(r))
  File "/usr/local/lib/python2.7/dist-packages/scrapy/spidermiddlewares/depth.py", line 58, in <genexpr>
    return (r for r in result or () if _filter(r))
  File "/usr/local/lib/python2.7/dist-packages/scrapy/spiders/crawl.py", line 72, in _parse_response
    cb_res = callback(response, **cb_kwargs) or ()
  File "pbot/spiders/baucenter.py", line 83, in parse_arts
    explore.stop()
  File "pbot/spiders/explore.py", line 69, in stop
    return navigate(stack[1:])
  File "pbot/spiders/explore.py", line 118, in navigate
    line=raw_input(point[-20:]+'>')
EOFError: EOF when reading a line
2016-09-13 09:44:20 [scrapy] DEBUG: Crawled (200) <GET https://www.baucenter.ru/mozaika/> (referer: https://www.baucenter.ru/mozaika1/)
2016-09-13 09:44:20 [scrapy] ERROR: Spider error processing <GET https://www.baucenter.ru/mozaika/> (referer: https://www.baucenter.ru/mozaika1/)
Traceback (most recent call last):
  File "/usr/local/lib/python2.7/dist-packages/scrapy/utils/defer.py", line 102, in iter_errback
    yield next(it)
  File "/usr/local/lib/python2.7/dist-packages/scrapy/spidermiddlewares/offsite.py", line 29, in process_spider_output
    for x in result:
  File "/usr/local/lib/python2.7/dist-packages/scrapy/spidermiddlewares/referer.py", line 22, in <genexpr>
    return (_set_referer(r) for r in result or ())
  File "/usr/local/lib/python2.7/dist-packages/scrapy/spidermiddlewares/urllength.py", line 37, in <genexpr>
    return (r for r in result or () if _filter(r))
  File "/usr/local/lib/python2.7/dist-packages/scrapy/spidermiddlewares/depth.py", line 58, in <genexpr>
    return (r for r in result or () if _filter(r))
  File "/usr/local/lib/python2.7/dist-packages/scrapy/spiders/crawl.py", line 72, in _parse_response
    cb_res = callback(response, **cb_kwargs) or ()
  File "pbot/spiders/baucenter.py", line 83, in parse_arts
    explore.stop()
  File "pbot/spiders/explore.py", line 69, in stop
    return navigate(stack[1:])
  File "pbot/spiders/explore.py", line 118, in navigate
    line=raw_input(point[-20:]+'>')
EOFError: EOF when reading a line
2016-09-13 09:44:20 [scrapy] DEBUG: Crawled (200) <GET https://www.baucenter.ru/verstaki_stoly_yashchiki/> (referer: https://www.baucenter.ru/oborudovanie_dlya_masterskikh/)
2016-09-13 09:44:20 [scrapy] ERROR: Spider error processing <GET https://www.baucenter.ru/verstaki_stoly_yashchiki/> (referer: https://www.baucenter.ru/oborudovanie_dlya_masterskikh/)
Traceback (most recent call last):
  File "/usr/local/lib/python2.7/dist-packages/scrapy/utils/defer.py", line 102, in iter_errback
    yield next(it)
  File "/usr/local/lib/python2.7/dist-packages/scrapy/spidermiddlewares/offsite.py", line 29, in process_spider_output
    for x in result:
  File "/usr/local/lib/python2.7/dist-packages/scrapy/spidermiddlewares/referer.py", line 22, in <genexpr>
    return (_set_referer(r) for r in result or ())
  File "/usr/local/lib/python2.7/dist-packages/scrapy/spidermiddlewares/urllength.py", line 37, in <genexpr>
    return (r for r in result or () if _filter(r))
  File "/usr/local/lib/python2.7/dist-packages/scrapy/spidermiddlewares/depth.py", line 58, in <genexpr>
    return (r for r in result or () if _filter(r))
  File "/usr/local/lib/python2.7/dist-packages/scrapy/spiders/crawl.py", line 72, in _parse_response
    cb_res = callback(response, **cb_kwargs) or ()
  File "pbot/spiders/baucenter.py", line 83, in parse_arts
    explore.stop()
  File "pbot/spiders/explore.py", line 69, in stop
    return navigate(stack[1:])
  File "pbot/spiders/explore.py", line 118, in navigate
    line=raw_input(point[-20:]+'>')
EOFError: EOF when reading a line
2016-09-13 09:44:21 [scrapy] DEBUG: Crawled (200) <GET https://www.baucenter.ru/sistemy_okhrany_i_krepleniya_provodki/> (referer: https://www.baucenter.ru/komplektuyushchie_dlya_elektricheskoy_razvodki/)
2016-09-13 09:44:22 [scrapy] ERROR: Spider error processing <GET https://www.baucenter.ru/sistemy_okhrany_i_krepleniya_provodki/> (referer: https://www.baucenter.ru/komplektuyushchie_dlya_elektricheskoy_razvodki/)
Traceback (most recent call last):
  File "/usr/local/lib/python2.7/dist-packages/scrapy/utils/defer.py", line 102, in iter_errback
    yield next(it)
  File "/usr/local/lib/python2.7/dist-packages/scrapy/spidermiddlewares/offsite.py", line 29, in process_spider_output
    for x in result:
  File "/usr/local/lib/python2.7/dist-packages/scrapy/spidermiddlewares/referer.py", line 22, in <genexpr>
    return (_set_referer(r) for r in result or ())
  File "/usr/local/lib/python2.7/dist-packages/scrapy/spidermiddlewares/urllength.py", line 37, in <genexpr>
    return (r for r in result or () if _filter(r))
  File "/usr/local/lib/python2.7/dist-packages/scrapy/spidermiddlewares/depth.py", line 58, in <genexpr>
    return (r for r in result or () if _filter(r))
  File "/usr/local/lib/python2.7/dist-packages/scrapy/spiders/crawl.py", line 72, in _parse_response
    cb_res = callback(response, **cb_kwargs) or ()
  File "pbot/spiders/baucenter.py", line 83, in parse_arts
    explore.stop()
  File "pbot/spiders/explore.py", line 69, in stop
    return navigate(stack[1:])
  File "pbot/spiders/explore.py", line 118, in navigate
    line=raw_input(point[-20:]+'>')
EOFError: EOF when reading a line
2016-09-13 09:44:22 [scrapy] DEBUG: Crawled (200) <GET https://www.baucenter.ru/sistema_dymokhodov_stalnykh/> (referer: https://www.baucenter.ru/sistema_dymokhodov/)
2016-09-13 09:44:22 [scrapy] ERROR: Spider error processing <GET https://www.baucenter.ru/sistema_dymokhodov_stalnykh/> (referer: https://www.baucenter.ru/sistema_dymokhodov/)
Traceback (most recent call last):
  File "/usr/local/lib/python2.7/dist-packages/scrapy/utils/defer.py", line 102, in iter_errback
    yield next(it)
  File "/usr/local/lib/python2.7/dist-packages/scrapy/spidermiddlewares/offsite.py", line 29, in process_spider_output
    for x in result:
  File "/usr/local/lib/python2.7/dist-packages/scrapy/spidermiddlewares/referer.py", line 22, in <genexpr>
    return (_set_referer(r) for r in result or ())
  File "/usr/local/lib/python2.7/dist-packages/scrapy/spidermiddlewares/urllength.py", line 37, in <genexpr>
    return (r for r in result or () if _filter(r))
  File "/usr/local/lib/python2.7/dist-packages/scrapy/spidermiddlewares/depth.py", line 58, in <genexpr>
    return (r for r in result or () if _filter(r))
  File "/usr/local/lib/python2.7/dist-packages/scrapy/spiders/crawl.py", line 72, in _parse_response
    cb_res = callback(response, **cb_kwargs) or ()
  File "pbot/spiders/baucenter.py", line 83, in parse_arts
    explore.stop()
  File "pbot/spiders/explore.py", line 69, in stop
    return navigate(stack[1:])
  File "pbot/spiders/explore.py", line 118, in navigate
    line=raw_input(point[-20:]+'>')
EOFError: EOF when reading a line
2016-09-13 09:44:23 [scrapy] DEBUG: Crawled (200) <GET https://www.baucenter.ru/setki_svarnye_i_shtukaturnye/> (referer: https://www.baucenter.ru/metalloprokat/)
2016-09-13 09:44:23 [scrapy] ERROR: Spider error processing <GET https://www.baucenter.ru/setki_svarnye_i_shtukaturnye/> (referer: https://www.baucenter.ru/metalloprokat/)
Traceback (most recent call last):
  File "/usr/local/lib/python2.7/dist-packages/scrapy/utils/defer.py", line 102, in iter_errback
    yield next(it)
  File "/usr/local/lib/python2.7/dist-packages/scrapy/spidermiddlewares/offsite.py", line 29, in process_spider_output
    for x in result:
  File "/usr/local/lib/python2.7/dist-packages/scrapy/spidermiddlewares/referer.py", line 22, in <genexpr>
    return (_set_referer(r) for r in result or ())
  File "/usr/local/lib/python2.7/dist-packages/scrapy/spidermiddlewares/urllength.py", line 37, in <genexpr>
    return (r for r in result or () if _filter(r))
  File "/usr/local/lib/python2.7/dist-packages/scrapy/spidermiddlewares/depth.py", line 58, in <genexpr>
    return (r for r in result or () if _filter(r))
  File "/usr/local/lib/python2.7/dist-packages/scrapy/spiders/crawl.py", line 72, in _parse_response
    cb_res = callback(response, **cb_kwargs) or ()
  File "pbot/spiders/baucenter.py", line 83, in parse_arts
    explore.stop()
  File "pbot/spiders/explore.py", line 69, in stop
    return navigate(stack[1:])
  File "pbot/spiders/explore.py", line 118, in navigate
    line=raw_input(point[-20:]+'>')
EOFError: EOF when reading a line
2016-09-13 09:44:23 [scrapy] INFO: Dumping Scrapy stats:
{'downloader/request_bytes': 23819,
 'downloader/request_count': 49,
 'downloader/request_method_count/GET': 49,
 'downloader/response_bytes': 1738514,
 'downloader/response_count': 49,
 'downloader/response_status_count/200': 49,
 'dupefilter/filtered': 30,
 'finish_reason': 'shutdown',
 'finish_time': datetime.datetime(2016, 9, 13, 9, 44, 23, 467721),
 'log_count/DEBUG': 51,
 'log_count/ERROR': 17,
 'log_count/INFO': 8,
 'request_depth_max': 4,
 'response_received_count': 49,
 'scheduler/dequeued': 48,
 'scheduler/dequeued/memory': 48,
 'scheduler/enqueued': 178,
 'scheduler/enqueued/memory': 178,
 'spider_exceptions/EOFError': 16,
 'spider_exceptions/IOError': 1,
 'start_time': datetime.datetime(2016, 9, 13, 9, 43, 47, 377840)}
2016-09-13 09:44:23 [scrapy] INFO: Spider closed (shutdown)
