2016-09-13 09:31:35 [scrapy] INFO: Scrapy 1.1.2 started (bot: pbot)
2016-09-13 09:31:35 [scrapy] INFO: Overridden settings: {'NEWSPIDER_MODULE': 'pbot.spiders', 'ROBOTSTXT_OBEY': True, 'SPIDER_MODULES': ['pbot.spiders'], 'BOT_NAME': 'pbot', 'FEED_URI': 'file:///home/dmitry/work/django/git/pbot/items/default/baucenter/dbb8fd9a799411e6bc528c89a5289690.jl', 'LOG_FILE': 'logs/default/baucenter/dbb8fd9a799411e6bc528c89a5289690.log', 'DOWNLOAD_DELAY': 0.5}
2016-09-13 09:31:35 [scrapy] INFO: Enabled extensions:
['scrapy.extensions.feedexport.FeedExporter',
 'scrapy.extensions.logstats.LogStats',
 'scrapy.extensions.telnet.TelnetConsole',
 'scrapy.extensions.corestats.CoreStats']
2016-09-13 09:31:35 [scrapy] INFO: Enabled downloader middlewares:
['scrapy.downloadermiddlewares.robotstxt.RobotsTxtMiddleware',
 'scrapy.downloadermiddlewares.httpauth.HttpAuthMiddleware',
 'scrapy.downloadermiddlewares.downloadtimeout.DownloadTimeoutMiddleware',
 'scrapy.downloadermiddlewares.useragent.UserAgentMiddleware',
 'scrapy.downloadermiddlewares.retry.RetryMiddleware',
 'scrapy.downloadermiddlewares.defaultheaders.DefaultHeadersMiddleware',
 'scrapy.downloadermiddlewares.redirect.MetaRefreshMiddleware',
 'scrapy.downloadermiddlewares.httpcompression.HttpCompressionMiddleware',
 'scrapy.downloadermiddlewares.redirect.RedirectMiddleware',
 'scrapy.downloadermiddlewares.cookies.CookiesMiddleware',
 'scrapy.downloadermiddlewares.chunked.ChunkedTransferMiddleware',
 'scrapy.downloadermiddlewares.stats.DownloaderStats']
2016-09-13 09:31:35 [scrapy] INFO: Enabled spider middlewares:
['scrapy.spidermiddlewares.httperror.HttpErrorMiddleware',
 'scrapy.spidermiddlewares.offsite.OffsiteMiddleware',
 'scrapy.spidermiddlewares.referer.RefererMiddleware',
 'scrapy.spidermiddlewares.urllength.UrlLengthMiddleware',
 'scrapy.spidermiddlewares.depth.DepthMiddleware']
2016-09-13 09:31:35 [scrapy] INFO: Enabled item pipelines:
['pbot.pipelines.djangoPipeline']
2016-09-13 09:31:35 [scrapy] INFO: Spider opened
2016-09-13 09:31:35 [scrapy] INFO: Crawled 0 pages (at 0 pages/min), scraped 0 items (at 0 items/min)
2016-09-13 09:31:35 [scrapy] DEBUG: Telnet console listening on 127.0.0.1:6023
2016-09-13 09:31:36 [scrapy] DEBUG: Crawled (200) <GET https://www.baucenter.ru/robots.txt> (referer: None)
2016-09-13 09:31:37 [scrapy] DEBUG: Crawled (200) <GET https://www.baucenter.ru/> (referer: None)
2016-09-13 09:31:38 [scrapy] DEBUG: Crawled (200) <GET https://www.baucenter.ru/catalog/> (referer: https://www.baucenter.ru/)
2016-09-13 09:31:38 [scrapy] DEBUG: Filtered duplicate request: <GET https://www.baucenter.ru/catalog/> - no more duplicates will be shown (see DUPEFILTER_DEBUG to show all duplicates)
2016-09-13 09:31:38 [scrapy] DEBUG: Crawled (200) <GET https://www.baucenter.ru/sad_i_ogorod/> (referer: https://www.baucenter.ru/catalog/)
2016-09-13 09:31:39 [scrapy] DEBUG: Crawled (200) <GET https://www.baucenter.ru/osveshchenie/> (referer: https://www.baucenter.ru/catalog/)
2016-09-13 09:31:40 [scrapy] DEBUG: Crawled (200) <GET https://www.baucenter.ru/kukhni_tovary_dlya_doma_/> (referer: https://www.baucenter.ru/catalog/)
2016-09-13 09:31:40 [scrapy] DEBUG: Crawled (200) <GET https://www.baucenter.ru/stolyarnye_izdeliya_dveri/> (referer: https://www.baucenter.ru/catalog/)
2016-09-13 09:31:42 [scrapy] DEBUG: Crawled (200) <GET https://www.baucenter.ru/oboi_dekor_kraski/> (referer: https://www.baucenter.ru/catalog/)
2016-09-13 09:31:42 [scrapy] DEBUG: Crawled (200) <GET https://www.baucenter.ru/napolnye_pokrytiya/> (referer: https://www.baucenter.ru/catalog/)
2016-09-13 09:31:43 [scrapy] DEBUG: Crawled (200) <GET https://www.baucenter.ru/santekhnika/> (referer: https://www.baucenter.ru/catalog/)
2016-09-13 09:31:43 [scrapy] DEBUG: Crawled (200) <GET https://www.baucenter.ru/plitka/> (referer: https://www.baucenter.ru/catalog/)
2016-09-13 09:31:44 [scrapy] DEBUG: Crawled (200) <GET https://www.baucenter.ru/instrumenty_tekhnika/> (referer: https://www.baucenter.ru/catalog/)
2016-09-13 09:31:44 [scrapy] DEBUG: Crawled (200) <GET https://www.baucenter.ru/elektrotovary/> (referer: https://www.baucenter.ru/catalog/)
2016-09-13 09:31:45 [scrapy] DEBUG: Crawled (200) <GET https://www.baucenter.ru/vodosnabzhenie_otoplenie/> (referer: https://www.baucenter.ru/catalog/)
2016-09-13 09:31:46 [scrapy] DEBUG: Crawled (200) <GET https://www.baucenter.ru/stroymaterialy/> (referer: https://www.baucenter.ru/catalog/)
2016-09-13 09:31:46 [scrapy] DEBUG: Crawled (200) <GET https://www.baucenter.ru/udobreniya4125/> (referer: https://www.baucenter.ru/sad_i_ogorod/)
2016-09-13 09:31:47 [scrapy] DEBUG: Crawled (200) <GET https://www.baucenter.ru/antimoskitnye_setki_repelenty/> (referer: https://www.baucenter.ru/sad_i_ogorod/)
2016-09-13 09:31:47 [scrapy] DEBUG: Crawled (200) <GET https://www.baucenter.ru/vazy_svechi_aksessuary_dlya_tsvetov/> (referer: https://www.baucenter.ru/sad_i_ogorod/)
2016-09-13 09:31:48 [scrapy] DEBUG: Crawled (200) <GET https://www.baucenter.ru/zemlya_i_mulchiruyushchie_sredstva/> (referer: https://www.baucenter.ru/sad_i_ogorod/)
2016-09-13 09:31:49 [scrapy] DEBUG: Crawled (200) <GET https://www.baucenter.ru/materialy_dlya_sadovykh_dorozhek1/> (referer: https://www.baucenter.ru/sad_i_ogorod/)
2016-09-13 09:31:49 [scrapy] DEBUG: Crawled (200) <GET https://www.baucenter.ru/khranenie_urozhaya/> (referer: https://www.baucenter.ru/sad_i_ogorod/)
2016-09-13 09:31:50 [scrapy] DEBUG: Crawled (200) <GET https://www.baucenter.ru/svetilniki_tochechnye/> (referer: https://www.baucenter.ru/osveshchenie/)
2016-09-13 09:31:51 [scrapy] DEBUG: Crawled (200) <GET https://www.baucenter.ru/mebelnaya_furnitura/> (referer: https://www.baucenter.ru/kukhni_tovary_dlya_doma_/)
2016-09-13 09:31:51 [scrapy] DEBUG: Crawled (200) <GET https://www.baucenter.ru/sayding/> (referer: https://www.baucenter.ru/stolyarnye_izdeliya_dveri/)
2016-09-13 09:31:52 [scrapy] DEBUG: Crawled (200) <GET https://www.baucenter.ru/sredstva_dlya_pokleyki/> (referer: https://www.baucenter.ru/oboi_dekor_kraski/)
2016-09-13 09:31:53 [scrapy] DEBUG: Crawled (200) <GET https://www.baucenter.ru/parket/> (referer: https://www.baucenter.ru/napolnye_pokrytiya/)
2016-09-13 09:31:54 [scrapy] DEBUG: Crawled (200) <GET https://www.baucenter.ru/dushevye_kabiny_i_poddony/> (referer: https://www.baucenter.ru/santekhnika/)
2016-09-13 09:31:55 [scrapy] DEBUG: Crawled (200) <GET https://www.baucenter.ru/mozaika1/> (referer: https://www.baucenter.ru/plitka/)
2016-09-13 09:31:55 [scrapy] DEBUG: Crawled (200) <GET https://www.baucenter.ru/oborudovanie_dlya_masterskikh/> (referer: https://www.baucenter.ru/instrumenty_tekhnika/)
2016-09-13 09:31:56 [scrapy] DEBUG: Crawled (200) <GET https://www.baucenter.ru/komplektuyushchie_dlya_elektricheskoy_razvodki/> (referer: https://www.baucenter.ru/elektrotovary/)
2016-09-13 09:31:56 [scrapy] DEBUG: Crawled (200) <GET https://www.baucenter.ru/sistema_dymokhodov/> (referer: https://www.baucenter.ru/vodosnabzhenie_otoplenie/)
2016-09-13 09:31:57 [scrapy] DEBUG: Crawled (200) <GET https://www.baucenter.ru/metalloprokat/> (referer: https://www.baucenter.ru/stroymaterialy/)
2016-09-13 09:31:58 [scrapy] DEBUG: Crawled (200) <GET https://www.baucenter.ru/udobreniya_dlya_ulichnykh_rasteniy6571/> (referer: https://www.baucenter.ru/udobreniya4125/)
2016-09-13 09:31:59 [scrapy] DEBUG: Crawled (200) <GET https://www.baucenter.ru/setki_ot_komarov/> (referer: https://www.baucenter.ru/antimoskitnye_setki_repelenty/)
2016-09-13 09:32:00 [scrapy] DEBUG: Crawled (200) <GET https://www.baucenter.ru/zemlya/> (referer: https://www.baucenter.ru/zemlya_i_mulchiruyushchie_sredstva/)
2016-09-13 09:32:00 [scrapy] DEBUG: Crawled (200) <GET https://www.baucenter.ru/svechi_lampady_dekorativnye/> (referer: https://www.baucenter.ru/vazy_svechi_aksessuary_dlya_tsvetov/)
2016-09-13 09:32:01 [scrapy] DEBUG: Crawled (200) <GET https://www.baucenter.ru/materialy_dlya_sadovykh_dorozhek/> (referer: https://www.baucenter.ru/materialy_dlya_sadovykh_dorozhek1/)
2016-09-13 09:32:02 [scrapy] DEBUG: Crawled (200) <GET https://www.baucenter.ru/sbor_urozhaya_i_organizatsiya_khraneniya/> (referer: https://www.baucenter.ru/khranenie_urozhaya/)
2016-09-13 09:32:02 [scrapy] DEBUG: Crawled (200) <GET https://www.baucenter.ru/tovary_dlya_detskoy_bezopasnosti5978/> (referer: https://www.baucenter.ru/mebelnaya_furnitura/)
2016-09-13 09:32:03 [scrapy] DEBUG: Crawled (200) <GET https://www.baucenter.ru/svetilniki_tochechnye_mebelnye_i_lestnichnye/> (referer: https://www.baucenter.ru/svetilniki_tochechnye/)
2016-09-13 09:32:03 [scrapy] DEBUG: Crawled (200) <GET https://www.baucenter.ru/sredstva_dlya_pokleyki_oboev/> (referer: https://www.baucenter.ru/sredstva_dlya_pokleyki/)
2016-09-13 09:32:04 [scrapy] DEBUG: Crawled (200) <GET https://www.baucenter.ru/sayding1/> (referer: https://www.baucenter.ru/sayding/)
2016-09-13 09:32:05 [scrapy] DEBUG: Crawled (200) <GET https://www.baucenter.ru/doska_parketnaya/> (referer: https://www.baucenter.ru/parket/)
2016-09-13 09:32:06 [scrapy] DEBUG: Crawled (200) <GET https://www.baucenter.ru/poddony7693/> (referer: https://www.baucenter.ru/dushevye_kabiny_i_poddony/)
2016-09-13 09:32:06 [scrapy] DEBUG: Crawled (200) <GET https://www.baucenter.ru/mozaika/> (referer: https://www.baucenter.ru/mozaika1/)
2016-09-13 09:32:08 [scrapy] DEBUG: Crawled (200) <GET https://www.baucenter.ru/sistemy_okhrany_i_krepleniya_provodki/> (referer: https://www.baucenter.ru/komplektuyushchie_dlya_elektricheskoy_razvodki/)
2016-09-13 09:32:08 [scrapy] DEBUG: Crawled (200) <GET https://www.baucenter.ru/sistema_dymokhodov_stalnykh/> (referer: https://www.baucenter.ru/sistema_dymokhodov/)
2016-09-13 09:32:09 [scrapy] DEBUG: Crawled (200) <GET https://www.baucenter.ru/verstaki_stoly_yashchiki/> (referer: https://www.baucenter.ru/oborudovanie_dlya_masterskikh/)
2016-09-13 09:32:09 [scrapy] DEBUG: Crawled (200) <GET https://www.baucenter.ru/armatura_ugolki_truby/> (referer: https://www.baucenter.ru/metalloprokat/)
2016-09-13 09:32:09 [scrapy] DEBUG: Crawled (200) <GET https://www.baucenter.ru/setki_svarnye_i_shtukaturnye/> (referer: https://www.baucenter.ru/metalloprokat/)
2016-09-13 09:32:10 [scrapy] DEBUG: Crawled (200) <GET https://www.baucenter.ru/kabiny_gidromassazhnye/> (referer: https://www.baucenter.ru/dushevye_kabiny_i_poddony/)
2016-09-13 09:32:10 [scrapy] DEBUG: Crawled (200) <GET https://www.baucenter.ru/kanaly_i_reshyetki_ventilyatsionnye_dlya_dymokhodov/> (referer: https://www.baucenter.ru/sistema_dymokhodov/)
2016-09-13 09:32:11 [scrapy] DEBUG: Crawled (200) <GET https://www.baucenter.ru/sistemy_montazha_provodki/> (referer: https://www.baucenter.ru/komplektuyushchie_dlya_elektricheskoy_razvodki/)
2016-09-13 09:32:12 [scrapy] DEBUG: Crawled (200) <GET https://www.baucenter.ru/dushevye_kabiny_i_aksessuary/> (referer: https://www.baucenter.ru/dushevye_kabiny_i_poddony/)
2016-09-13 09:32:12 [scrapy] DEBUG: Crawled (200) <GET https://www.baucenter.ru/dveri_i_shirmy_dlya_dusha_aksessuary1984/> (referer: https://www.baucenter.ru/dushevye_kabiny_i_poddony/)
2016-09-13 09:32:13 [scrapy] DEBUG: Crawled (200) <GET https://www.baucenter.ru/dushevye_ograzhdeniya_i_ugolki2925/> (referer: https://www.baucenter.ru/dushevye_kabiny_i_poddony/)
2016-09-13 09:32:13 [scrapy] DEBUG: Crawled (200) <GET https://www.baucenter.ru/podemnye_mekhanizmy2946/> (referer: https://www.baucenter.ru/mebelnaya_furnitura/)
2016-09-13 09:32:14 [scrapy] DEBUG: Crawled (200) <GET https://www.baucenter.ru/sredstva_dlya_pokleyki_dekorativnykh_pokrytiy_i_pogonazha/> (referer: https://www.baucenter.ru/sredstva_dlya_pokleyki/)
2016-09-13 09:32:14 [scrapy] DEBUG: Crawled (200) <GET https://www.baucenter.ru/napravlyayushchie_dlya_vydvizhnykh_yashchikov2218/> (referer: https://www.baucenter.ru/mebelnaya_furnitura/)
2016-09-13 09:32:15 [scrapy] DEBUG: Crawled (200) <GET https://www.baucenter.ru/mebelnyy_krepezh3553/> (referer: https://www.baucenter.ru/mebelnaya_furnitura/)
2016-09-13 09:32:15 [scrapy] DEBUG: Crawled (200) <GET https://www.baucenter.ru/petli_mebelnye5426/> (referer: https://www.baucenter.ru/mebelnaya_furnitura/)
2016-09-13 09:32:16 [scrapy] DEBUG: Crawled (200) <GET https://www.baucenter.ru/kolesnye_opory7344/> (referer: https://www.baucenter.ru/mebelnaya_furnitura/)
2016-09-13 09:32:17 [scrapy] DEBUG: Crawled (200) <GET https://www.baucenter.ru/zashchelki_i_zamki_mebelnye5620/> (referer: https://www.baucenter.ru/mebelnaya_furnitura/)
2016-09-13 09:32:17 [scrapy] DEBUG: Crawled (200) <GET https://www.baucenter.ru/amortizatory_mebelnye1744/> (referer: https://www.baucenter.ru/mebelnaya_furnitura/)
2016-09-13 09:32:18 [scrapy] DEBUG: Crawled (200) <GET https://www.baucenter.ru/zaglushki_mebelnye2186/> (referer: https://www.baucenter.ru/mebelnaya_furnitura/)
2016-09-13 09:32:19 [scrapy] DEBUG: Crawled (200) <GET https://www.baucenter.ru/svetilniki_tochechnye_interernye/> (referer: https://www.baucenter.ru/svetilniki_tochechnye/)
2016-09-13 09:32:19 [scrapy] DEBUG: Crawled (200) <GET https://www.baucenter.ru/vinodelie_samogonovarenie_pivovarenie/> (referer: https://www.baucenter.ru/khranenie_urozhaya/)
2016-09-13 09:32:20 [scrapy] DEBUG: Crawled (200) <GET https://www.baucenter.ru/kora_i_shchepa2/> (referer: https://www.baucenter.ru/materialy_dlya_sadovykh_dorozhek1/)
2016-09-13 09:32:21 [scrapy] DEBUG: Crawled (200) <GET https://www.baucenter.ru/banki_kryshki_dlya_konservirovaniya/> (referer: https://www.baucenter.ru/khranenie_urozhaya/)
2016-09-13 09:32:21 [scrapy] DEBUG: Crawled (200) <GET https://www.baucenter.ru/kamen_dekorativnyy/> (referer: https://www.baucenter.ru/materialy_dlya_sadovykh_dorozhek1/)
2016-09-13 09:32:22 [scrapy] DEBUG: Crawled (200) <GET https://www.baucenter.ru/iskusstvennye_rasteniya/> (referer: https://www.baucenter.ru/vazy_svechi_aksessuary_dlya_tsvetov/)
2016-09-13 09:32:22 [scrapy] DEBUG: Crawled (200) <GET https://www.baucenter.ru/zashchita_tela/> (referer: https://www.baucenter.ru/antimoskitnye_setki_repelenty/)
2016-09-13 09:32:23 [scrapy] INFO: Received SIGINT, shutting down gracefully. Send again to force 
2016-09-13 09:32:23 [scrapy] INFO: Closing spider (shutdown)
2016-09-13 09:32:23 [scrapy] DEBUG: Crawled (200) <GET https://www.baucenter.ru/vazy/> (referer: https://www.baucenter.ru/vazy_svechi_aksessuary_dlya_tsvetov/)
2016-09-13 09:32:24 [scrapy] DEBUG: Crawled (200) <GET https://www.baucenter.ru/zashchita_pomeshcheniy/> (referer: https://www.baucenter.ru/antimoskitnye_setki_repelenty/)
2016-09-13 09:32:24 [scrapy] DEBUG: Crawled (200) <GET https://www.baucenter.ru/udobreniya_dlya_komnatnykh_rasteniy6469/> (referer: https://www.baucenter.ru/udobreniya4125/)
2016-09-13 09:32:25 [scrapy] DEBUG: Crawled (200) <GET https://www.baucenter.ru/sredstva_ot_vrediteley_sornyakov9137/> (referer: https://www.baucenter.ru/udobreniya4125/)
2016-09-13 09:32:25 [scrapy] DEBUG: Crawled (200) <GET https://www.baucenter.ru/sistema_podvesnykh_potolkov/> (referer: https://www.baucenter.ru/stroymaterialy/)
2016-09-13 09:32:25 [scrapy] DEBUG: Crawled (200) <GET https://www.baucenter.ru/drenazh_naruzhnaya_kanalizatsiya/> (referer: https://www.baucenter.ru/stroymaterialy/)
2016-09-13 09:32:26 [scrapy] DEBUG: Crawled (200) <GET https://www.baucenter.ru/sredstva_ot_bolezney_stimulyatory_rosta9839/> (referer: https://www.baucenter.ru/udobreniya4125/)
2016-09-13 09:32:26 [scrapy] DEBUG: Crawled (200) <GET https://www.baucenter.ru/okna/> (referer: https://www.baucenter.ru/stroymaterialy/)
2016-09-13 09:32:26 [scrapy] DEBUG: Crawled (200) <GET https://www.baucenter.ru/gipsokarton_i_profili/> (referer: https://www.baucenter.ru/stroymaterialy/)
2016-09-13 09:32:27 [scrapy] DEBUG: Crawled (200) <GET https://www.baucenter.ru/betonomeshalki_lesa_stremyanki/> (referer: https://www.baucenter.ru/stroymaterialy/)
2016-09-13 09:32:28 [scrapy] DEBUG: Crawled (200) <GET https://www.baucenter.ru/izolyatsionnye_materialy/> (referer: https://www.baucenter.ru/stroymaterialy/)
2016-09-13 09:32:28 [scrapy] DEBUG: Crawled (200) <GET https://www.baucenter.ru/kirpich_bloki_stroitelnye/> (referer: https://www.baucenter.ru/stroymaterialy/)
2016-09-13 09:32:29 [scrapy] DEBUG: Crawled (200) <GET https://www.baucenter.ru/teploizolyatsiya/> (referer: https://www.baucenter.ru/stroymaterialy/)
2016-09-13 09:32:30 [scrapy] DEBUG: Crawled (200) <GET https://www.baucenter.ru/germetiki_grunty_gotovye_klei/> (referer: https://www.baucenter.ru/stroymaterialy/)
2016-09-13 09:32:30 [scrapy] DEBUG: Crawled (200) <GET https://www.baucenter.ru/krovlya_vodostoki/> (referer: https://www.baucenter.ru/stroymaterialy/)
2016-09-13 09:32:31 [scrapy] DEBUG: Crawled (200) <GET https://www.baucenter.ru/smesi_sukhie_stroitelnye/> (referer: https://www.baucenter.ru/stroymaterialy/)
2016-09-13 09:32:31 [scrapy] INFO: Dumping Scrapy stats:
{'downloader/request_bytes': 43096,
 'downloader/request_count': 88,
 'downloader/request_method_count/GET': 88,
 'downloader/response_bytes': 3168609,
 'downloader/response_count': 88,
 'downloader/response_status_count/200': 88,
 'dupefilter/filtered': 41,
 'finish_reason': 'shutdown',
 'finish_time': datetime.datetime(2016, 9, 13, 9, 32, 31, 913629),
 'log_count/DEBUG': 90,
 'log_count/ERROR': 45,
 'log_count/INFO': 8,
 'request_depth_max': 4,
 'response_received_count': 88,
 'scheduler/dequeued': 87,
 'scheduler/dequeued/memory': 87,
 'scheduler/enqueued': 229,
 'scheduler/enqueued/memory': 229,
 'spider_exceptions/NameError': 45,
 'start_time': datetime.datetime(2016, 9, 13, 9, 31, 35, 803735)}
2016-09-13 09:32:31 [scrapy] INFO: Spider closed (shutdown)
